<?xml version="1.0" encoding="UTF-8"?>
<!-- Generated by org.testng.reporters.JUnitXMLReporter -->
<testsuite ignored="0" hostname="LAPTOP-AEJPPEKF" failures="1" tests="7" name="Default test" time="1.529" errors="0" timestamp="2020-01-01T13:52:44 PKT">
  <testcase classname="Testcases.main" name="@BeforeClass initialsetup" time="1.447">
    <failure type="org.openqa.selenium.SessionNotCreatedException" message="session not created: This version of ChromeDriver only supports Chrome version 77
Build info: version: &amp;apos;3.141.59&amp;apos;, revision: &amp;apos;e82be7d358&amp;apos;, time: &amp;apos;2018-11-14T08:25:53&amp;apos;
System info: host: &amp;apos;LAPTOP-AEJPPEKF&amp;apos;, ip: &amp;apos;192.168.2.140&amp;apos;, os.name: &amp;apos;Windows 10&amp;apos;, os.arch: &amp;apos;amd64&amp;apos;, os.version: &amp;apos;10.0&amp;apos;, java.version: &amp;apos;13&amp;apos;
Driver info: driver.version: ChromeDriver
remote stacktrace: Backtrace:
	Ordinal0 [0x00E2EB13+1501971]
	Ordinal0 [0x00DAF6D1+980689]
	Ordinal0 [0x00D3765F+489055]
	Ordinal0 [0x00CCF2F4+62196]
	Ordinal0 [0x00CCBCDA+48346]
	Ordinal0 [0x00CE9800+169984]
	Ordinal0 [0x00CE942D+169005]
	Ordinal0 [0x00CE78EB+162027]
	Ordinal0 [0x00CD0AC7+68295]
	Ordinal0 [0x00CD1B40+72512]
	Ordinal0 [0x00CD1AD9+72409]
	Ordinal0 [0x00DC8F37+1085239]
	GetHandleVerifier [0x00ECD7ED+503293]
	GetHandleVerifier [0x00ECD580+502672]
	GetHandleVerifier [0x00ED46AC+531644]
	GetHandleVerifier [0x00ECDFFA+505354]
	Ordinal0 [0x00DC0606+1050118]
	Ordinal0 [0x00DC047F+1049727]
	Ordinal0 [0x00DCAF9B+1093531]
	Ordinal0 [0x00DCB103+1093891]
	Ordinal0 [0x00DCA095+1089685]
	BaseThreadInitThunk [0x76DC0419+25]
	RtlGetAppContainerNamedObjectPath [0x76FA662D+237]
	RtlGetAppContainerNamedObjectPath [0x76FA65FD+189]
">
      <![CDATA[org.openqa.selenium.SessionNotCreatedException: session not created: This version of ChromeDriver only supports Chrome version 77
Build info: version: '3.141.59', revision: 'e82be7d358', time: '2018-11-14T08:25:53'
System info: host: 'LAPTOP-AEJPPEKF', ip: '192.168.2.140', os.name: 'Windows 10', os.arch: 'amd64', os.version: '10.0', java.version: '13'
Driver info: driver.version: ChromeDriver
remote stacktrace: Backtrace:
Ordinal0 [0x00E2EB13+1501971]
Ordinal0 [0x00DAF6D1+980689]
Ordinal0 [0x00D3765F+489055]
Ordinal0 [0x00CCF2F4+62196]
Ordinal0 [0x00CCBCDA+48346]
Ordinal0 [0x00CE9800+169984]
Ordinal0 [0x00CE942D+169005]
Ordinal0 [0x00CE78EB+162027]
Ordinal0 [0x00CD0AC7+68295]
Ordinal0 [0x00CD1B40+72512]
Ordinal0 [0x00CD1AD9+72409]
Ordinal0 [0x00DC8F37+1085239]
GetHandleVerifier [0x00ECD7ED+503293]
GetHandleVerifier [0x00ECD580+502672]
GetHandleVerifier [0x00ED46AC+531644]
GetHandleVerifier [0x00ECDFFA+505354]
Ordinal0 [0x00DC0606+1050118]
Ordinal0 [0x00DC047F+1049727]
Ordinal0 [0x00DCAF9B+1093531]
Ordinal0 [0x00DCB103+1093891]
Ordinal0 [0x00DCA095+1089685]
BaseThreadInitThunk [0x76DC0419+25]
RtlGetAppContainerNamedObjectPath [0x76FA662D+237]
RtlGetAppContainerNamedObjectPath [0x76FA65FD+189]

at java.base/jdk.internal.reflect.NativeConstructorAccessorImpl.newInstance0(Native Method)
at java.base/jdk.internal.reflect.NativeConstructorAccessorImpl.newInstance(NativeConstructorAccessorImpl.java:62)
at java.base/jdk.internal.reflect.DelegatingConstructorAccessorImpl.newInstance(DelegatingConstructorAccessorImpl.java:45)
at java.base/java.lang.reflect.Constructor.newInstanceWithCaller(Constructor.java:500)
at java.base/java.lang.reflect.Constructor.newInstance(Constructor.java:481)
at org.openqa.selenium.remote.W3CHandshakeResponse.lambda$errorHandler$0(W3CHandshakeResponse.java:62)
at org.openqa.selenium.remote.HandshakeResponse.lambda$getResponseFunction$0(HandshakeResponse.java:30)
at org.openqa.selenium.remote.ProtocolHandshake.lambda$createSession$0(ProtocolHandshake.java:126)
at java.base/java.util.stream.ReferencePipeline$3$1.accept(ReferencePipeline.java:195)
at java.base/java.util.Spliterators$ArraySpliterator.tryAdvance(Spliterators.java:958)
at java.base/java.util.stream.ReferencePipeline.forEachWithCancel(ReferencePipeline.java:127)
at java.base/java.util.stream.AbstractPipeline.copyIntoWithCancel(AbstractPipeline.java:502)
at java.base/java.util.stream.AbstractPipeline.copyInto(AbstractPipeline.java:488)
at java.base/java.util.stream.AbstractPipeline.wrapAndCopyInto(AbstractPipeline.java:474)
at java.base/java.util.stream.FindOps$FindOp.evaluateSequential(FindOps.java:150)
at java.base/java.util.stream.AbstractPipeline.evaluate(AbstractPipeline.java:234)
at java.base/java.util.stream.ReferencePipeline.findFirst(ReferencePipeline.java:543)
at org.openqa.selenium.remote.ProtocolHandshake.createSession(ProtocolHandshake.java:128)
at org.openqa.selenium.remote.ProtocolHandshake.createSession(ProtocolHandshake.java:74)
at org.openqa.selenium.remote.HttpCommandExecutor.execute(HttpCommandExecutor.java:136)
at org.openqa.selenium.remote.service.DriverCommandExecutor.execute(DriverCommandExecutor.java:83)
at org.openqa.selenium.remote.RemoteWebDriver.execute(RemoteWebDriver.java:552)
at org.openqa.selenium.remote.RemoteWebDriver.startSession(RemoteWebDriver.java:213)
at org.openqa.selenium.remote.RemoteWebDriver.<init>(RemoteWebDriver.java:131)
at org.openqa.selenium.chrome.ChromeDriver.<init>(ChromeDriver.java:181)
at org.openqa.selenium.chrome.ChromeDriver.<init>(ChromeDriver.java:168)
at org.openqa.selenium.chrome.ChromeDriver.<init>(ChromeDriver.java:123)
at Testcases.main.initialsetup(main.java:20)
at java.base/jdk.internal.reflect.NativeMethodAccessorImpl.invoke0(Native Method)
at java.base/jdk.internal.reflect.NativeMethodAccessorImpl.invoke(NativeMethodAccessorImpl.java:62)
at java.base/jdk.internal.reflect.DelegatingMethodAccessorImpl.invoke(DelegatingMethodAccessorImpl.java:43)
at java.base/java.lang.reflect.Method.invoke(Method.java:567)
at org.testng.internal.MethodInvocationHelper.invokeMethod(MethodInvocationHelper.java:133)
at org.testng.internal.MethodInvocationHelper.invokeMethodConsideringTimeout(MethodInvocationHelper.java:62)
at org.testng.internal.ConfigInvoker.invokeConfigurationMethod(ConfigInvoker.java:340)
at org.testng.internal.ConfigInvoker.invokeConfigurations(ConfigInvoker.java:294)
at org.testng.internal.TestMethodWorker.invokeBeforeClassMethods(TestMethodWorker.java:176)
at org.testng.internal.TestMethodWorker.run(TestMethodWorker.java:122)
at java.base/java.util.ArrayList.forEach(ArrayList.java:1507)
at org.testng.TestRunner.privateRun(TestRunner.java:770)
at org.testng.TestRunner.run(TestRunner.java:591)
at org.testng.SuiteRunner.runTest(SuiteRunner.java:402)
at org.testng.SuiteRunner.runSequentially(SuiteRunner.java:396)
at org.testng.SuiteRunner.privateRun(SuiteRunner.java:355)
at org.testng.SuiteRunner.run(SuiteRunner.java:304)
at org.testng.SuiteRunnerWorker.runSuite(SuiteRunnerWorker.java:53)
at org.testng.SuiteRunnerWorker.run(SuiteRunnerWorker.java:96)
at org.testng.TestNG.runSuitesSequentially(TestNG.java:1180)
at org.testng.TestNG.runSuitesLocally(TestNG.java:1102)
at org.testng.TestNG.runSuites(TestNG.java:1032)
at org.testng.TestNG.run(TestNG.java:1000)
at org.testng.remote.AbstractRemoteTestNG.run(AbstractRemoteTestNG.java:115)
at org.testng.remote.RemoteTestNG.initAndRun(RemoteTestNG.java:251)
at org.testng.remote.RemoteTestNG.main(RemoteTestNG.java:77)
]]>
    </failure>
  </testcase> <!-- @BeforeClass initialsetup -->
  <testcase classname="Testcases.main" name="hiturl" time="0.0">
    <failure type="org.testng.TestNGException" message="
Parameter &amp;apos;URL&amp;apos; is required by @Test on method hiturl but has not been marked @Optional or defined
in C:\Users\Hamza Farooq\AppData\Local\Temp\testng-eclipse--1644440064\testng-customsuite.xml">
      <![CDATA[org.testng.TestNGException: 
Parameter 'URL' is required by @Test on method hiturl but has not been marked @Optional or defined
in C:\Users\Hamza Farooq\AppData\Local\Temp\testng-eclipse--1644440064\testng-customsuite.xml
at org.testng.internal.Parameters.createParams(Parameters.java:289)
at org.testng.internal.Parameters.createParametersForMethod(Parameters.java:377)
at org.testng.internal.Parameters.createParameters(Parameters.java:721)
at org.testng.internal.Parameters.handleParameters(Parameters.java:895)
at org.testng.internal.Parameters.handleParameters(Parameters.java:762)
at org.testng.internal.ParameterHandler.handleParameters(ParameterHandler.java:60)
at org.testng.internal.ParameterHandler.createParameters(ParameterHandler.java:39)
at org.testng.internal.TestInvoker$MethodInvocationAgent.invoke(TestInvoker.java:771)
at org.testng.internal.TestInvoker.invokeTestMethods(TestInvoker.java:145)
at org.testng.internal.TestMethodWorker.invokeTestMethods(TestMethodWorker.java:146)
at org.testng.internal.TestMethodWorker.run(TestMethodWorker.java:128)
at java.base/java.util.ArrayList.forEach(ArrayList.java:1507)
at org.testng.TestRunner.privateRun(TestRunner.java:770)
at org.testng.TestRunner.run(TestRunner.java:591)
at org.testng.SuiteRunner.runTest(SuiteRunner.java:402)
at org.testng.SuiteRunner.runSequentially(SuiteRunner.java:396)
at org.testng.SuiteRunner.privateRun(SuiteRunner.java:355)
at org.testng.SuiteRunner.run(SuiteRunner.java:304)
at org.testng.SuiteRunnerWorker.runSuite(SuiteRunnerWorker.java:53)
at org.testng.SuiteRunnerWorker.run(SuiteRunnerWorker.java:96)
at org.testng.TestNG.runSuitesSequentially(TestNG.java:1180)
at org.testng.TestNG.runSuitesLocally(TestNG.java:1102)
at org.testng.TestNG.runSuites(TestNG.java:1032)
at org.testng.TestNG.run(TestNG.java:1000)
at org.testng.remote.AbstractRemoteTestNG.run(AbstractRemoteTestNG.java:115)
at org.testng.remote.RemoteTestNG.initAndRun(RemoteTestNG.java:251)
at org.testng.remote.RemoteTestNG.main(RemoteTestNG.java:77)
]]>
    </failure>
  </testcase> <!-- hiturl -->
  <testcase classname="Testcases.main" name="logintestcases" time="0.0">
    <skipped/>
  </testcase> <!-- logintestcases -->
  <testcase classname="Testcases.main" name="events" time="0.0">
    <skipped/>
  </testcase> <!-- events -->
  <testcase classname="Testcases.main" name="accounts" time="0.0">
    <skipped/>
  </testcase> <!-- accounts -->
  <testcase classname="Testcases.main" name="rolesManagment" time="0.0">
    <skipped/>
  </testcase> <!-- rolesManagment -->
  <testcase classname="Testcases.main" name="eventscategories" time="0.0">
    <skipped/>
  </testcase> <!-- eventscategories -->
  <testcase classname="Testcases.main" name="tickets" time="0.0">
    <skipped/>
  </testcase> <!-- tickets -->
</testsuite> <!-- Default test -->
