<?xml version="1.0" encoding="UTF-8"?>
<!-- Generated by org.testng.reporters.JUnitXMLReporter -->
<testsuite ignored="0" hostname="LAPTOP-AEJPPEKF" failures="1" tests="3" name="Test" time="103.93" errors="0" timestamp="2020-01-29T16:31:38 PKT">
  <testcase classname="Testcases.main" name="hiturl" time="12.469"/>
  <testcase classname="Testcases.main" name="logintestcases" time="9.282"/>
  <testcase classname="Testcases.main" name="events" time="76.27">
    <failure type="org.openqa.selenium.NoSuchElementException" message="Cannot locate element with text: Synavos
For documentation on this error, please visit: https://www.seleniumhq.org/exceptions/no_such_element.html
Build info: version: &amp;apos;3.141.59&amp;apos;, revision: &amp;apos;e82be7d358&amp;apos;, time: &amp;apos;2018-11-14T08:25:53&amp;apos;
System info: host: &amp;apos;LAPTOP-AEJPPEKF&amp;apos;, ip: &amp;apos;10.41.140.155&amp;apos;, os.name: &amp;apos;Windows 10&amp;apos;, os.arch: &amp;apos;amd64&amp;apos;, os.version: &amp;apos;10.0&amp;apos;, java.version: &amp;apos;13&amp;apos;
Driver info: driver.version: unknown">
      <![CDATA[org.openqa.selenium.NoSuchElementException: Cannot locate element with text: Synavos
For documentation on this error, please visit: https://www.seleniumhq.org/exceptions/no_such_element.html
Build info: version: '3.141.59', revision: 'e82be7d358', time: '2018-11-14T08:25:53'
System info: host: 'LAPTOP-AEJPPEKF', ip: '10.41.140.155', os.name: 'Windows 10', os.arch: 'amd64', os.version: '10.0', java.version: '13'
Driver info: driver.version: unknown
at org.openqa.selenium.support.ui.Select.selectByVisibleText(Select.java:147)
at Testcases.events_test.addevents(events_test.java:378)
at Testcases.main.events(main.java:64)
at java.base/java.util.ArrayList.forEach(ArrayList.java:1507)
... Removed 27 stack frames]]>
    </failure>
  </testcase> <!-- events -->
</testsuite> <!-- Test -->
